{"level":"info","pid":62643,"id":17,"time":"2026-04-01T22:54:39+03:00","caller":"/home/undead/projects/film-authorize/main.go:52","message":"new user created"}
{"level":"info","pid":62643,"is valid":false,"user info":"user is nil","time":"2026-04-01T22:54:39+03:00","caller":"/home/undead/projects/film-authorize/main.go:59","message":"check correct user"}
{"level":"info","pid":62643,"is valid":false,"user info":"user is nil","time":"2026-04-01T22:54:39+03:00","caller":"/home/undead/projects/film-authorize/main.go:65","message":"check wrong user"}
{"level":"info","pid":62643,"user":"User: ID: 17 Name: undead PasswordHash: some very strong passord hash Role: not admin ","time":"2026-04-01T22:54:39+03:00","caller":"/home/undead/projects/film-authorize/main.go:71","message":"get user by id"}
{"level":"info","pid":62643,"user":"User: ID: 17 ","time":"2026-04-01T22:54:39+03:00","caller":"/home/undead/projects/film-authorize/main.go:77","message":"delete user by id"}
{"level":"info","pid":62643,"time":"2026-04-01T22:54:39+03:00","caller":"/home/undead/projects/film-authorize/main.go:80","message":"end of the program"}
{"level":"info","pid":62796,"id":18,"time":"2026-04-01T22:55:07+03:00","caller":"/home/undead/projects/film-authorize/main.go:52","message":"new user created"}
{"level":"info","pid":62796,"is valid":false,"user info":"user is nil","time":"2026-04-01T22:55:07+03:00","caller":"/home/undead/projects/film-authorize/main.go:59","message":"check correct user"}
{"level":"info","pid":62796,"is valid":false,"user info":"user is nil","time":"2026-04-01T22:55:07+03:00","caller":"/home/undead/projects/film-authorize/main.go:65","message":"check wrong user"}
{"level":"info","pid":62796,"user":"User: ID: 18 Name: undead PasswordHash: some very strong passord hash Role: not admin ","time":"2026-04-01T22:55:07+03:00","caller":"/home/undead/projects/film-authorize/main.go:71","message":"get user by id"}
{"level":"info","pid":62796,"user":"User: ID: 18 ","time":"2026-04-01T22:55:07+03:00","caller":"/home/undead/projects/film-authorize/main.go:77","message":"delete user by id"}
{"level":"info","pid":62796,"time":"2026-04-01T22:55:07+03:00","caller":"/home/undead/projects/film-authorize/main.go:80","message":"end of the program"}
{"level":"info","pid":62982,"id":19,"time":"2026-04-01T22:57:04+03:00","caller":"/home/undead/projects/film-authorize/main.go:52","message":"new user created"}
{"level":"info","pid":62982,"is valid":false,"user info":"user is nil","time":"2026-04-01T22:57:04+03:00","caller":"/home/undead/projects/film-authorize/main.go:59","message":"check correct user"}
{"level":"info","pid":62982,"is valid":false,"user info":"user is nil","time":"2026-04-01T22:57:04+03:00","caller":"/home/undead/projects/film-authorize/main.go:65","message":"check wrong user"}
{"level":"info","pid":62982,"user":"User: ID: 19 Name: undead PasswordHash: some very strong passord hash Role: not admin ","time":"2026-04-01T22:57:04+03:00","caller":"/home/undead/projects/film-authorize/main.go:71","message":"get user by id"}
{"level":"info","pid":62982,"user":"User: ID: 19 ","time":"2026-04-01T22:57:04+03:00","caller":"/home/undead/projects/film-authorize/main.go:77","message":"delete user by id"}
{"level":"info","pid":62982,"time":"2026-04-01T22:57:04+03:00","caller":"/home/undead/projects/film-authorize/main.go:80","message":"end of the program"}
{"level":"info","pid":63529,"id":20,"time":"2026-04-01T23:00:15+03:00","caller":"/home/undead/projects/film-authorize/main.go:52","message":"new user created"}
{"level":"info","pid":63529,"is valid":false,"user info":"user is nil","time":"2026-04-01T23:00:15+03:00","caller":"/home/undead/projects/film-authorize/main.go:59","message":"check correct user"}
{"level":"info","pid":63529,"is valid":false,"user info":"user is nil","time":"2026-04-01T23:00:15+03:00","caller":"/home/undead/projects/film-authorize/main.go:65","message":"check wrong user"}
{"level":"info","pid":63529,"user":"User: ID: 20 Name: undead PasswordHash: some very strong passord hash Role: not admin ","time":"2026-04-01T23:00:15+03:00","caller":"/home/undead/projects/film-authorize/main.go:71","message":"get user by id"}
{"level":"info","pid":63529,"user":"User: ID: 20 ","time":"2026-04-01T23:00:15+03:00","caller":"/home/undead/projects/film-authorize/main.go:77","message":"delete user by id"}
{"level":"info","pid":63529,"time":"2026-04-01T23:00:15+03:00","caller":"/home/undead/projects/film-authorize/main.go:80","message":"end of the program"}
{"level":"info","pid":63857,"id":21,"time":"2026-04-01T23:00:51+03:00","caller":"/home/undead/projects/film-authorize/main.go:52","message":"new user created"}
{"level":"info","pid":63857,"is valid":false,"user info":"user is nil","time":"2026-04-01T23:00:51+03:00","caller":"/home/undead/projects/film-authorize/main.go:59","message":"check correct user"}
{"level":"info","pid":63857,"is valid":false,"user info":"user is nil","time":"2026-04-01T23:00:51+03:00","caller":"/home/undead/projects/film-authorize/main.go:65","message":"check wrong user"}
{"level":"info","pid":63857,"user":"User: ID: 21 Name: undead PasswordHash: some very strong passord hash Role: not admin ","time":"2026-04-01T23:00:51+03:00","caller":"/home/undead/projects/film-authorize/main.go:71","message":"get user by id"}
{"level":"info","pid":63857,"user":"User: ID: 21 ","time":"2026-04-01T23:00:51+03:00","caller":"/home/undead/projects/film-authorize/main.go:77","message":"delete user by id"}
{"level":"info","pid":63857,"time":"2026-04-01T23:00:51+03:00","caller":"/home/undead/projects/film-authorize/main.go:80","message":"end of the program"}
{"level":"info","pid":64082,"id":22,"time":"2026-04-01T23:04:43+03:00","caller":"/home/undead/projects/film-authorize/main.go:52","message":"new user created"}
{"level":"info","pid":64082,"is valid":false,"user info":"user is nil","time":"2026-04-01T23:04:43+03:00","caller":"/home/undead/projects/film-authorize/main.go:59","message":"check correct user"}
{"level":"info","pid":64082,"is valid":false,"user info":"user is nil","time":"2026-04-01T23:04:43+03:00","caller":"/home/undead/projects/film-authorize/main.go:65","message":"check wrong user"}
{"level":"info","pid":64082,"user":"User: ID: 22 Name: undead PasswordHash: some very strong passord hash Role: not admin ","time":"2026-04-01T23:04:43+03:00","caller":"/home/undead/projects/film-authorize/main.go:71","message":"get user by id"}
{"level":"info","pid":64082,"user":"User: ID: 22 ","time":"2026-04-01T23:04:43+03:00","caller":"/home/undead/projects/film-authorize/main.go:77","message":"delete user by id"}
{"level":"info","pid":64082,"time":"2026-04-01T23:04:43+03:00","caller":"/home/undead/projects/film-authorize/main.go:80","message":"end of the program"}
{"level":"info","pid":64438,"id":23,"time":"2026-04-01T23:07:55+03:00","caller":"/home/undead/projects/film-authorize/main.go:52","message":"new user created"}
{"level":"info","pid":64438,"is valid":false,"user info":"user is nil","time":"2026-04-01T23:07:55+03:00","caller":"/home/undead/projects/film-authorize/main.go:59","message":"check correct user"}
{"level":"info","pid":64438,"is valid":false,"user info":"user is nil","time":"2026-04-01T23:07:55+03:00","caller":"/home/undead/projects/film-authorize/main.go:65","message":"check wrong user"}
{"level":"info","pid":64438,"user":"User: ID: 23 Name: undead PasswordHash: some very strong passord hash Role: not admin ","time":"2026-04-01T23:07:55+03:00","caller":"/home/undead/projects/film-authorize/main.go:71","message":"get user by id"}
{"level":"info","pid":64438,"user":"User: ID: 23 ","time":"2026-04-01T23:07:55+03:00","caller":"/home/undead/projects/film-authorize/main.go:77","message":"delete user by id"}
{"level":"info","pid":64438,"time":"2026-04-01T23:07:55+03:00","caller":"/home/undead/projects/film-authorize/main.go:80","message":"end of the program"}
{"level":"info","pid":64683,"id":24,"time":"2026-04-01T23:11:17+03:00","caller":"/home/undead/projects/film-authorize/main.go:52","message":"new user created"}
{"level":"info","pid":64683,"is valid":false,"user info":"user is nil","time":"2026-04-01T23:11:17+03:00","caller":"/home/undead/projects/film-authorize/main.go:59","message":"check correct user"}
{"level":"info","pid":64683,"is valid":false,"user info":"user is nil","time":"2026-04-01T23:11:17+03:00","caller":"/home/undead/projects/film-authorize/main.go:65","message":"check wrong user"}
{"level":"info","pid":64683,"user":"User: ID: 24 Name: undead PasswordHash: some very strong passord hash Role: not admin ","time":"2026-04-01T23:11:17+03:00","caller":"/home/undead/projects/film-authorize/main.go:71","message":"get user by id"}
{"level":"info","pid":64683,"user":"User: ID: 24 ","time":"2026-04-01T23:11:17+03:00","caller":"/home/undead/projects/film-authorize/main.go:77","message":"delete user by id"}
{"level":"info","pid":64683,"time":"2026-04-01T23:11:17+03:00","caller":"/home/undead/projects/film-authorize/main.go:80","message":"end of the program"}
{"level":"info","pid":65101,"id":25,"time":"2026-04-01T23:14:59+03:00","caller":"/home/undead/projects/film-authorize/main.go:52","message":"new user created"}
{"level":"info","pid":65101,"is valid":false,"user info":"user is nil","time":"2026-04-01T23:14:59+03:00","caller":"/home/undead/projects/film-authorize/main.go:59","message":"check correct user"}
{"level":"info","pid":65101,"is valid":false,"user info":"user is nil","time":"2026-04-01T23:14:59+03:00","caller":"/home/undead/projects/film-authorize/main.go:65","message":"check wrong user"}
{"level":"info","pid":65101,"user":"User: ID: 25 Name: undead PasswordHash: some very strong passord hash Role: not admin ","time":"2026-04-01T23:14:59+03:00","caller":"/home/undead/projects/film-authorize/main.go:71","message":"get user by id"}
{"level":"info","pid":65101,"user":"User: ID: 25 ","time":"2026-04-01T23:14:59+03:00","caller":"/home/undead/projects/film-authorize/main.go:77","message":"delete user by id"}
{"level":"info","pid":65101,"time":"2026-04-01T23:14:59+03:00","caller":"/home/undead/projects/film-authorize/main.go:80","message":"end of the program"}
{"level":"info","pid":65274,"id":26,"time":"2026-04-01T23:15:42+03:00","caller":"/home/undead/projects/film-authorize/main.go:52","message":"new user created"}
{"level":"info","pid":65274,"is valid":false,"user info":"user is nil","time":"2026-04-01T23:15:42+03:00","caller":"/home/undead/projects/film-authorize/main.go:59","message":"check correct user"}
{"level":"info","pid":65274,"is valid":false,"user info":"user is nil","time":"2026-04-01T23:15:42+03:00","caller":"/home/undead/projects/film-authorize/main.go:65","message":"check wrong user"}
{"level":"info","pid":65274,"user":"User: ID: 26 Name: undead PasswordHash: some very strong passord hash Role: not admin ","time":"2026-04-01T23:15:42+03:00","caller":"/home/undead/projects/film-authorize/main.go:71","message":"get user by id"}
{"level":"info","pid":65274,"user":"User: ID: 26 ","time":"2026-04-01T23:15:42+03:00","caller":"/home/undead/projects/film-authorize/main.go:77","message":"delete user by id"}
{"level":"info","pid":65274,"time":"2026-04-01T23:15:42+03:00","caller":"/home/undead/projects/film-authorize/main.go:80","message":"end of the program"}
{"level":"info","pid":65610,"id":27,"time":"2026-04-01T23:24:48+03:00","caller":"/home/undead/projects/film-authorize/main.go:52","message":"new user created"}
{"level":"info","pid":65610,"is valid":true,"user info":"User: ID: 27 Name: undead PasswordHash: some very strong passord hash Role: not admin ","time":"2026-04-01T23:24:48+03:00","caller":"/home/undead/projects/film-authorize/main.go:59","message":"check correct user"}
{"level":"info","pid":65610,"is valid":false,"user info":"user is nil","time":"2026-04-01T23:24:48+03:00","caller":"/home/undead/projects/film-authorize/main.go:65","message":"check wrong user"}
{"level":"info","pid":65610,"user":"User: ID: 27 Name: undead PasswordHash: some very strong passord hash Role: not admin ","time":"2026-04-01T23:24:48+03:00","caller":"/home/undead/projects/film-authorize/main.go:71","message":"get user by id"}
{"level":"info","pid":65610,"user":"User: ID: 27 ","time":"2026-04-01T23:24:48+03:00","caller":"/home/undead/projects/film-authorize/main.go:77","message":"delete user by id"}
{"level":"info","pid":65610,"time":"2026-04-01T23:24:48+03:00","caller":"/home/undead/projects/film-authorize/main.go:80","message":"end of the program"}
{"level":"info","pid":67912,"id":28,"time":"2026-04-01T23:26:31+03:00","caller":"/home/undead/projects/film-authorize/main.go:52","message":"new user created"}
{"level":"info","pid":67912,"is valid":true,"user info":"User: ID: 28 Name: undead PasswordHash: some very strong passord hash Role: not admin ","time":"2026-04-01T23:26:31+03:00","caller":"/home/undead/projects/film-authorize/main.go:59","message":"check correct user"}
{"level":"info","pid":67912,"is valid":false,"user info":"user is nil","time":"2026-04-01T23:26:31+03:00","caller":"/home/undead/projects/film-authorize/main.go:65","message":"check wrong user"}
{"level":"info","pid":67912,"user":"User: ID: 28 Name: undead PasswordHash: some very strong passord hash Role: not admin ","time":"2026-04-01T23:26:31+03:00","caller":"/home/undead/projects/film-authorize/main.go:71","message":"get user by id"}
{"level":"info","pid":67912,"user":"User: ID: 28 ","time":"2026-04-01T23:26:31+03:00","caller":"/home/undead/projects/film-authorize/main.go:77","message":"delete user by id"}
{"level":"info","pid":67912,"time":"2026-04-01T23:26:31+03:00","caller":"/home/undead/projects/film-authorize/main.go:80","message":"end of the program"}
